TN:
SF:src\App.tsx
FN:16,App
FNF:1
FNH:0
FNDA:0,App
DA:17,0
LF:1
LH:0
BRF:0
BRH:0
end_of_record
TN:
SF:src\vite-env.d.ts
FNF:0
FNH:0
LF:0
LH:0
BRF:0
BRH:0
end_of_record
TN:
SF:src\components\AreaChartCards.tsx
FN:16,(anonymous_0)
FN:18,(anonymous_1)
FN:21,(anonymous_2)
FN:32,(anonymous_3)
FN:39,(anonymous_4)
FN:46,(anonymous_5)
FN:64,(anonymous_6)
FN:73,(anonymous_7)
FN:82,(anonymous_8)
FN:92,(anonymous_9)
FN:138,(anonymous_10)
FNF:11
FNH:10
FNDA:3,(anonymous_0)
FNDA:3,(anonymous_1)
FNDA:3,(anonymous_2)
FNDA:42,(anonymous_3)
FNDA:42,(anonymous_4)
FNDA:42,(anonymous_5)
FNDA:21,(anonymous_6)
FNDA:21,(anonymous_7)
FNDA:21,(anonymous_8)
FNDA:9,(anonymous_9)
FNDA:0,(anonymous_10)
DA:16,1
DA:18,3
DA:19,3
DA:20,3
DA:21,3
DA:23,3
DA:24,21
DA:25,21
DA:26,21
DA:28,21
DA:29,21
DA:32,21
DA:33,42
DA:34,42
DA:39,21
DA:40,42
DA:41,42
DA:46,21
DA:47,42
DA:48,42
DA:51,21
DA:54,3
DA:57,3
DA:59,3
DA:64,21
DA:73,21
DA:82,21
DA:89,3
DA:93,9
DA:95,9
DA:139,0
DA:140,0
DA:141,0
DA:147,0
LF:34
LH:30
BRDA:34,0,0,42
BRDA:34,0,1,6
BRDA:35,1,0,6
BRDA:35,1,1,0
BRDA:41,2,0,42
BRDA:41,2,1,42
BRDA:41,2,2,6
BRDA:42,3,0,6
BRDA:42,3,1,0
BRDA:48,4,0,42
BRDA:48,4,1,42
BRDA:139,5,0,0
BRDA:139,5,1,0
BRDA:139,6,0,0
BRDA:139,6,1,0
BRDA:139,6,2,0
BRF:16
BRH:9
end_of_record
TN:
SF:src\components\ClaimDetailView.tsx
FN:17,(anonymous_0)
FN:34,(anonymous_1)
FN:38,(anonymous_2)
FN:45,(anonymous_3)
FN:133,(anonymous_4)
FN:143,(anonymous_5)
FN:161,(anonymous_6)
FN:162,(anonymous_7)
FN:168,(anonymous_8)
FN:181,(anonymous_9)
FN:184,(anonymous_10)
FN:192,(anonymous_11)
FN:223,(anonymous_12)
FN:257,(anonymous_13)
FN:258,(anonymous_14)
FN:268,(anonymous_15)
FN:271,(anonymous_16)
FN:305,(anonymous_17)
FN:311,(anonymous_18)
FN:349,(anonymous_19)
FN:373,(anonymous_20)
FNF:21
FNH:18
FNDA:20,(anonymous_0)
FNDA:1,(anonymous_1)
FNDA:1,(anonymous_2)
FNDA:38,(anonymous_3)
FNDA:4,(anonymous_4)
FNDA:6,(anonymous_5)
FNDA:0,(anonymous_6)
FNDA:2,(anonymous_7)
FNDA:1,(anonymous_8)
FNDA:6,(anonymous_9)
FNDA:1,(anonymous_10)
FNDA:12,(anonymous_11)
FNDA:1,(anonymous_12)
FNDA:0,(anonymous_13)
FNDA:1,(anonymous_14)
FNDA:4,(anonymous_15)
FNDA:1,(anonymous_16)
FNDA:38,(anonymous_17)
FNDA:1,(anonymous_18)
FNDA:0,(anonymous_19)
FNDA:1,(anonymous_20)
DA:17,1
DA:18,20
DA:19,20
DA:20,20
DA:21,20
DA:22,20
DA:23,20
DA:24,20
DA:26,20
DA:27,1
DA:34,19
DA:35,1
DA:38,19
DA:39,1
DA:41,1
DA:42,1
DA:45,19
DA:46,38
DA:57,38
DA:60,19
DA:134,4
DA:135,4
DA:143,6
DA:161,0
DA:162,2
DA:169,1
DA:170,1
DA:182,6
DA:185,1
DA:186,1
DA:192,12
DA:224,1
DA:225,1
DA:257,0
DA:258,1
DA:269,4
DA:272,1
DA:273,1
DA:306,38
DA:307,38
DA:308,38
DA:311,1
DA:350,0
DA:373,1
LF:44
LH:41
BRDA:26,0,0,1
BRDA:26,0,1,19
BRDA:39,1,0,0
BRDA:39,1,1,1
BRDA:57,2,0,38
BRDA:57,2,1,0
BRDA:139,3,0,3
BRDA:139,3,1,16
BRDA:148,4,0,3
BRDA:148,4,1,0
BRDA:156,5,0,3
BRDA:156,5,1,16
BRDA:160,6,0,19
BRDA:160,6,1,3
BRDA:172,7,0,2
BRDA:172,7,1,1
BRDA:188,8,0,1
BRDA:188,8,1,5
BRDA:197,9,0,6
BRDA:197,9,1,6
BRDA:201,10,0,6
BRDA:201,10,1,1
BRDA:229,11,0,0
BRDA:229,11,1,19
BRDA:232,12,0,0
BRDA:232,12,1,0
BRDA:233,13,0,0
BRDA:233,13,1,0
BRDA:234,14,0,0
BRDA:234,14,1,0
BRDA:235,15,0,0
BRDA:235,15,1,0
BRDA:238,16,0,0
BRDA:238,16,1,0
BRDA:239,17,0,0
BRDA:239,17,1,0
BRDA:240,18,0,0
BRDA:240,18,1,0
BRDA:241,19,0,0
BRDA:241,19,1,0
BRDA:243,20,0,0
BRDA:243,20,1,0
BRDA:244,21,0,0
BRDA:244,21,1,0
BRDA:245,22,0,0
BRDA:245,22,1,0
BRDA:246,23,0,0
BRDA:246,23,1,0
BRDA:252,24,0,1
BRDA:252,24,1,18
BRDA:256,25,0,19
BRDA:256,25,1,1
BRDA:276,26,0,0
BRDA:276,26,1,4
BRDA:283,27,0,4
BRDA:283,27,1,0
BRDA:313,28,0,19
BRDA:313,28,1,19
BRDA:320,29,0,38
BRDA:320,29,1,19
BRDA:343,30,0,19
BRDA:343,30,1,0
BRF:62
BRH:31
end_of_record
TN:
SF:src\components\KanbanCard.tsx
FN:9,(anonymous_0)
FN:10,(anonymous_1)
FN:11,(anonymous_2)
FN:16,(anonymous_3)
FNF:4
FNH:4
FNDA:7,(anonymous_0)
FNDA:6,(anonymous_1)
FNDA:12,(anonymous_2)
FNDA:7,(anonymous_3)
DA:9,1
DA:10,7
DA:11,12
DA:14,7
DA:16,7
DA:17,7
DA:19,0
DA:21,7
DA:23,0
DA:25,0
DA:27,0
DA:31,7
LF:12
LH:8
BRDA:14,0,0,7
BRDA:14,0,1,0
BRDA:17,1,0,0
BRDA:17,1,1,7
BRDA:17,1,2,0
BRDA:17,1,3,0
BRDA:17,1,4,0
BRDA:41,2,0,7
BRDA:41,2,1,7
BRDA:43,3,0,0
BRDA:43,3,1,7
BRDA:44,4,0,7
BRDA:44,4,1,0
BRDA:45,5,0,0
BRDA:45,5,1,0
BRDA:78,6,0,6
BRDA:78,6,1,1
BRDA:89,7,0,6
BRDA:89,7,1,6
BRF:19
BRH:10
end_of_record
TN:
SF:src\components\Layout.tsx
FN:6,(anonymous_0)
FN:14,(anonymous_1)
FN:19,(anonymous_2)
FN:20,(anonymous_3)
FN:23,(anonymous_4)
FN:24,(anonymous_5)
FN:30,(anonymous_6)
FN:35,(anonymous_7)
FN:61,(anonymous_8)
FN:74,(anonymous_9)
FN:93,(anonymous_10)
FN:100,(anonymous_11)
FN:117,(anonymous_12)
FN:118,(anonymous_13)
FN:129,(anonymous_14)
FN:130,(anonymous_15)
FN:159,(anonymous_16)
FN:160,(anonymous_17)
FN:172,(anonymous_18)
FN:173,(anonymous_19)
FN:187,(anonymous_20)
FN:204,(anonymous_21)
FN:205,(anonymous_22)
FN:218,(anonymous_23)
FN:219,(anonymous_24)
FN:232,(anonymous_25)
FNF:26
FNH:19
FNDA:11,(anonymous_0)
FNDA:2,(anonymous_1)
FNDA:13,(anonymous_2)
FNDA:26,(anonymous_3)
FNDA:8,(anonymous_4)
FNDA:1,(anonymous_5)
FNDA:0,(anonymous_6)
FNDA:8,(anonymous_7)
FNDA:11,(anonymous_8)
FNDA:11,(anonymous_9)
FNDA:1,(anonymous_10)
FNDA:2,(anonymous_11)
FNDA:0,(anonymous_12)
FNDA:2,(anonymous_13)
FNDA:0,(anonymous_14)
FNDA:2,(anonymous_15)
FNDA:0,(anonymous_16)
FNDA:2,(anonymous_17)
FNDA:0,(anonymous_18)
FNDA:2,(anonymous_19)
FNDA:1,(anonymous_20)
FNDA:0,(anonymous_21)
FNDA:1,(anonymous_22)
FNDA:0,(anonymous_23)
FNDA:1,(anonymous_24)
FNDA:1,(anonymous_25)
DA:6,1
DA:7,11
DA:8,11
DA:9,11
DA:10,11
DA:11,11
DA:12,11
DA:14,11
DA:15,2
DA:16,2
DA:19,11
DA:20,26
DA:23,11
DA:24,8
DA:25,1
DA:26,1
DA:27,1
DA:30,8
DA:31,0
DA:33,8
DA:34,8
DA:35,8
DA:36,8
DA:37,8
DA:41,11
DA:62,11
DA:75,11
DA:93,1
DA:100,2
DA:117,0
DA:119,2
DA:129,0
DA:131,2
DA:159,0
DA:161,2
DA:172,0
DA:174,2
DA:187,1
DA:204,0
DA:206,1
DA:218,0
DA:220,1
DA:232,1
LF:43
LH:36
BRDA:25,0,0,0
BRDA:25,0,1,1
BRDA:26,1,0,1
BRDA:26,1,1,0
BRDA:26,2,0,1
BRDA:26,2,1,1
BRDA:31,3,0,0
BRDA:31,3,1,0
BRDA:63,4,0,11
BRDA:63,4,1,0
BRDA:76,5,0,0
BRDA:76,5,1,11
BRDA:95,6,0,2
BRDA:95,6,1,9
BRDA:108,7,0,11
BRDA:108,7,1,11
BRDA:113,8,0,11
BRDA:113,8,1,2
BRDA:120,9,0,0
BRDA:120,9,1,2
BRDA:132,10,0,0
BRDA:132,10,1,2
BRDA:154,11,0,11
BRDA:154,11,1,2
BRDA:162,12,0,2
BRDA:162,12,1,0
BRDA:175,13,0,0
BRDA:175,13,1,2
BRDA:191,14,0,2
BRDA:191,14,1,2
BRDA:198,15,0,1
BRDA:198,15,1,1
BRDA:200,16,0,2
BRDA:200,16,1,1
BRDA:207,17,0,0
BRDA:207,17,1,1
BRDA:221,18,0,0
BRDA:221,18,1,1
BRF:38
BRH:26
end_of_record
TN:
SF:src\components\NewClaimForm.tsx
FN:20,(anonymous_0)
FN:41,(anonymous_1)
FN:75,(anonymous_2)
FN:77,(anonymous_3)
FN:82,(anonymous_4)
FN:85,(anonymous_5)
FN:86,(anonymous_6)
FN:86,(anonymous_7)
FN:89,(anonymous_8)
FN:98,(anonymous_9)
FN:109,(anonymous_10)
FN:113,(anonymous_11)
FN:124,(anonymous_12)
FN:134,(anonymous_13)
FN:144,(anonymous_14)
FN:154,(anonymous_15)
FN:186,(anonymous_16)
FN:197,(anonymous_17)
FN:226,(anonymous_18)
FNF:19
FNH:13
FNDA:8,(anonymous_0)
FNDA:2,(anonymous_1)
FNDA:1,(anonymous_2)
FNDA:1,(anonymous_3)
FNDA:1,(anonymous_4)
FNDA:1,(anonymous_5)
FNDA:1,(anonymous_6)
FNDA:1,(anonymous_7)
FNDA:2,(anonymous_8)
FNDA:0,(anonymous_9)
FNDA:2,(anonymous_10)
FNDA:1,(anonymous_11)
FNDA:0,(anonymous_12)
FNDA:0,(anonymous_13)
FNDA:0,(anonymous_14)
FNDA:0,(anonymous_15)
FNDA:0,(anonymous_16)
FNDA:1,(anonymous_17)
FNDA:1,(anonymous_18)
DA:20,1
DA:21,8
DA:22,8
DA:23,8
DA:24,8
DA:31,8
DA:38,8
DA:39,8
DA:41,8
DA:42,2
DA:49,2
DA:51,2
DA:52,2
DA:53,2
DA:56,2
DA:57,2
DA:58,2
DA:61,2
DA:62,2
DA:63,2
DA:66,2
DA:67,2
DA:68,2
DA:71,2
DA:72,2
DA:75,8
DA:76,1
DA:77,1
DA:78,1
DA:79,1
DA:80,1
DA:82,1
DA:85,8
DA:86,1
DA:89,8
DA:90,2
DA:91,2
DA:94,0
DA:95,0
DA:98,0
DA:105,0
DA:106,0
DA:109,8
DA:113,8
DA:114,1
DA:115,1
DA:118,8
DA:124,0
DA:134,0
DA:144,0
DA:154,0
DA:186,0
DA:198,1
DA:226,1
DA:242,1
LF:55
LH:45
BRDA:51,0,0,2
BRDA:51,0,1,0
BRDA:56,1,0,2
BRDA:56,1,1,0
BRDA:61,2,0,2
BRDA:61,2,1,0
BRDA:66,3,0,2
BRDA:66,3,1,0
BRDA:76,4,0,1
BRDA:76,4,1,0
BRDA:78,5,0,1
BRDA:78,5,1,0
BRDA:80,6,0,1
BRDA:80,6,1,1
BRDA:90,7,0,2
BRDA:90,7,1,0
BRDA:94,8,0,0
BRDA:94,8,1,0
BRDA:94,8,2,0
BRDA:193,9,0,8
BRDA:193,9,1,1
BRDA:199,10,0,1
BRDA:199,10,1,0
BRDA:214,11,0,1
BRDA:214,11,1,0
BRF:25
BRH:13
end_of_record
TN:
SF:src\components\ProtectedRoute.tsx
FN:8,(anonymous_0)
FNF:1
FNH:1
FNDA:2,(anonymous_0)
DA:8,1
DA:9,2
DA:11,2
DA:12,1
DA:15,1
LF:5
LH:5
BRDA:11,0,0,1
BRDA:11,0,1,1
BRF:2
BRH:2
end_of_record
TN:
SF:src\components\ui\Badge.tsx
FN:8,(anonymous_0)
FN:11,(anonymous_1)
FNF:2
FNH:2
FNDA:19,(anonymous_0)
FNDA:19,(anonymous_1)
DA:8,1
DA:9,19
DA:11,19
DA:12,19
DA:14,19
DA:26,19
LF:6
LH:6
BRDA:12,0,0,19
BRDA:12,0,1,0
BRF:2
BRH:1
end_of_record
TN:
SF:src\components\ui\Button.tsx
FN:9,(anonymous_0)
FNF:1
FNH:1
FNDA:84,(anonymous_0)
DA:9,6
DA:16,84
DA:18,84
DA:24,84
DA:30,84
LF:5
LH:5
BRDA:11,0,0,38
BRDA:12,1,0,62
BRDA:13,2,0,40
BRF:3
BRH:3
end_of_record
TN:
SF:src\components\ui\Card.tsx
FN:15,(anonymous_0)
FN:85,Card
FN:98,CardHeader
FN:104,CardContent
FN:110,CardTable
FN:116,CardFooter
FN:122,CardHeading
FN:126,CardToolbar
FN:130,CardTitle
FN:140,CardDescription
FNF:10
FNH:3
FNDA:9,(anonymous_0)
FNDA:160,Card
FNDA:0,CardHeader
FNDA:9,CardContent
FNDA:0,CardTable
FNDA:0,CardFooter
FNDA:0,CardHeading
FNDA:0,CardToolbar
FNDA:0,CardTitle
FNDA:0,CardDescription
DA:10,3
DA:15,3
DA:16,9
DA:17,9
DA:18,0
DA:20,9
DA:24,3
DA:36,3
DA:48,3
DA:60,3
DA:72,3
DA:90,160
DA:99,0
DA:100,0
DA:105,9
DA:106,9
DA:111,0
DA:112,0
DA:117,0
DA:118,0
DA:123,0
DA:127,0
DA:131,0
DA:141,0
LF:24
LH:13
BRDA:17,0,0,0
BRDA:17,0,1,9
BRDA:87,1,0,160
BRDA:91,2,0,160
BRDA:91,2,1,0
BRF:5
BRH:3
end_of_record
TN:
SF:src\components\ui\Input.tsx
FN:10,(anonymous_0)
FNF:1
FNH:1
FNDA:38,(anonymous_0)
DA:9,2
DA:11,38
DA:42,2
LF:3
LH:3
BRDA:10,0,0,38
BRDA:13,1,0,38
BRDA:13,1,1,24
BRDA:19,2,0,38
BRDA:19,2,1,38
BRDA:27,3,0,38
BRDA:27,3,1,0
BRDA:29,4,0,6
BRDA:29,4,1,32
BRDA:34,5,0,38
BRDA:34,5,1,6
BRF:11
BRH:10
end_of_record
TN:
SF:src\components\ui\Modal.tsx
FN:12,(anonymous_0)
FN:14,(anonymous_1)
FN:17,(anonymous_2)
FN:23,(anonymous_3)
FN:29,(anonymous_4)
FN:30,(anonymous_5)
FN:40,(anonymous_6)
FNF:7
FNH:5
FNDA:39,(anonymous_0)
FNDA:17,(anonymous_1)
FNDA:0,(anonymous_2)
FNDA:17,(anonymous_3)
FNDA:30,(anonymous_4)
FNDA:0,(anonymous_5)
FNDA:30,(anonymous_6)
DA:12,1
DA:13,39
DA:14,39
DA:15,17
DA:16,4
DA:17,4
DA:19,13
DA:20,13
DA:23,17
DA:24,17
DA:29,39
DA:30,30
DA:31,0
DA:32,0
DA:36,30
DA:37,5
DA:40,30
DA:41,30
DA:45,39
DA:47,8
LF:20
LH:18
BRDA:15,0,0,4
BRDA:15,0,1,13
BRDA:31,1,0,0
BRDA:31,1,1,0
BRDA:31,2,0,0
BRDA:31,2,1,0
BRDA:36,3,0,5
BRDA:36,3,1,25
BRDA:45,4,0,31
BRDA:45,4,1,8
BRDA:51,5,0,0
BRDA:51,5,1,8
BRDA:55,6,0,0
BRDA:55,6,1,8
BRDA:70,7,0,8
BRDA:70,7,1,8
BRF:16
BRH:10
end_of_record
TN:
SF:src\components\ui\TextArea.tsx
FN:10,(anonymous_0)
FNF:1
FNH:1
FNDA:27,(anonymous_0)
DA:9,2
DA:11,27
DA:42,2
LF:3
LH:3
BRDA:10,0,0,27
BRDA:13,1,0,27
BRDA:13,1,1,8
BRDA:19,2,0,27
BRDA:19,2,1,8
BRDA:27,3,0,8
BRDA:27,3,1,19
BRDA:29,4,0,2
BRDA:29,4,1,25
BRDA:34,5,0,27
BRDA:34,5,1,2
BRF:11
BRH:11
end_of_record
TN:
SF:src\components\ui\Toast.tsx
FN:15,(anonymous_0)
FN:19,(anonymous_1)
FN:21,(anonymous_2)
FN:22,(anonymous_3)
FN:25,(anonymous_4)
FN:27,(anonymous_5)
FN:31,(anonymous_6)
FN:34,(anonymous_7)
FN:36,(anonymous_8)
FN:41,(anonymous_9)
FN:56,(anonymous_10)
FNF:11
FNH:11
FNDA:14,(anonymous_0)
FNDA:9,(anonymous_1)
FNDA:4,(anonymous_2)
FNDA:9,(anonymous_3)
FNDA:9,(anonymous_4)
FNDA:2,(anonymous_5)
FNDA:9,(anonymous_6)
FNDA:3,(anonymous_7)
FNDA:3,(anonymous_8)
FNDA:14,(anonymous_9)
FNDA:14,(anonymous_10)
DA:15,1
DA:16,14
DA:17,14
DA:19,14
DA:21,9
DA:22,9
DA:25,14
DA:27,9
DA:28,2
DA:31,9
DA:34,14
DA:35,3
DA:36,3
DA:37,3
DA:41,14
DA:42,14
DA:44,11
DA:46,1
DA:48,1
DA:50,1
DA:52,0
DA:56,14
DA:57,14
DA:59,11
DA:61,1
DA:63,1
DA:65,1
DA:67,0
DA:71,14
LF:29
LH:27
BRDA:15,0,0,12
BRDA:42,1,0,11
BRDA:42,1,1,1
BRDA:42,1,2,1
BRDA:42,1,3,1
BRDA:42,1,4,0
BRDA:57,2,0,11
BRDA:57,2,1,1
BRDA:57,2,2,1
BRDA:57,2,3,1
BRDA:57,2,4,0
BRDA:74,3,0,1
BRDA:74,3,1,13
BRDA:74,4,0,14
BRDA:74,4,1,4
BRDA:87,5,0,14
BRDA:87,5,1,14
BRF:17
BRH:15
end_of_record
TN:
SF:src\context\AuthContext.tsx
FN:38,(anonymous_0)
FN:41,(anonymous_1)
FN:48,(anonymous_2)
FN:49,(anonymous_3)
FN:50,(anonymous_4)
FN:52,(anonymous_5)
FN:67,(anonymous_6)
FN:72,(anonymous_7)
FN:73,(anonymous_8)
FN:74,(anonymous_9)
FN:75,(anonymous_10)
FN:92,(anonymous_11)
FN:114,(anonymous_12)
FNF:13
FNH:13
FNDA:12,(anonymous_0)
FNDA:7,(anonymous_1)
FNDA:4,(anonymous_2)
FNDA:4,(anonymous_3)
FNDA:4,(anonymous_4)
FNDA:5,(anonymous_5)
FNDA:1,(anonymous_6)
FNDA:2,(anonymous_7)
FNDA:2,(anonymous_8)
FNDA:2,(anonymous_9)
FNDA:3,(anonymous_10)
FNDA:1,(anonymous_11)
FNDA:12,(anonymous_12)
DA:13,3
DA:15,3
DA:38,3
DA:39,12
DA:41,12
DA:42,7
DA:43,7
DA:44,0
DA:48,12
DA:49,4
DA:50,4
DA:51,4
DA:52,5
DA:55,4
DA:56,3
DA:57,3
DA:58,3
DA:59,3
DA:61,1
DA:67,12
DA:68,1
DA:69,1
DA:72,12
DA:73,2
DA:74,2
DA:75,3
DA:77,2
DA:78,1
DA:83,1
DA:92,12
DA:93,1
DA:94,1
DA:95,1
DA:96,1
DA:100,12
DA:114,3
DA:115,12
DA:116,12
DA:117,0
DA:119,12
LF:40
LH:38
BRDA:43,0,0,0
BRDA:43,0,1,7
BRDA:52,1,0,5
BRDA:52,1,1,4
BRDA:55,2,0,3
BRDA:55,2,1,1
BRDA:77,3,0,1
BRDA:77,3,1,1
BRDA:93,4,0,1
BRDA:93,4,1,0
BRDA:116,5,0,0
BRDA:116,5,1,12
BRF:12
BRH:9
end_of_record
TN:
SF:src\context\ClaimsContext.tsx
FN:19,(anonymous_0)
FN:22,(anonymous_1)
FN:30,(anonymous_2)
FN:33,(anonymous_3)
FN:34,(anonymous_4)
FN:34,(anonymous_5)
FN:41,(anonymous_6)
FN:50,(anonymous_7)
FN:50,(anonymous_8)
FN:61,(anonymous_9)
FN:62,(anonymous_10)
FN:62,(anonymous_11)
FN:65,(anonymous_12)
FN:66,(anonymous_13)
FN:66,(anonymous_14)
FN:73,(anonymous_15)
FN:74,(anonymous_16)
FN:74,(anonymous_17)
FN:81,(anonymous_18)
FN:82,(anonymous_19)
FN:85,(anonymous_20)
FN:89,(anonymous_21)
FN:114,(anonymous_22)
FNF:23
FNH:21
FNDA:18,(anonymous_0)
FNDA:6,(anonymous_1)
FNDA:6,(anonymous_2)
FNDA:1,(anonymous_3)
FNDA:1,(anonymous_4)
FNDA:21,(anonymous_5)
FNDA:1,(anonymous_6)
FNDA:1,(anonymous_7)
FNDA:21,(anonymous_8)
FNDA:1,(anonymous_9)
FNDA:1,(anonymous_10)
FNDA:21,(anonymous_11)
FNDA:1,(anonymous_12)
FNDA:1,(anonymous_13)
FNDA:21,(anonymous_14)
FNDA:1,(anonymous_15)
FNDA:1,(anonymous_16)
FNDA:21,(anonymous_17)
FNDA:0,(anonymous_18)
FNDA:0,(anonymous_19)
FNDA:1,(anonymous_20)
FNDA:20,(anonymous_21)
FNDA:18,(anonymous_22)
DA:17,2
DA:19,2
DA:20,18
DA:22,18
DA:23,6
DA:30,6
DA:33,18
DA:34,1
DA:35,21
DA:41,18
DA:42,1
DA:50,1
DA:51,21
DA:61,18
DA:62,21
DA:65,18
DA:66,1
DA:67,21
DA:73,18
DA:74,1
DA:75,21
DA:81,18
DA:82,0
DA:85,18
DA:86,1
DA:88,1
DA:89,1
DA:90,20
DA:97,18
DA:114,2
DA:115,18
DA:116,18
DA:117,0
DA:119,18
LF:34
LH:32
BRDA:35,0,0,1
BRDA:35,0,1,20
BRDA:51,1,0,1
BRDA:51,1,1,20
BRDA:67,2,0,1
BRDA:67,2,1,20
BRDA:75,3,0,1
BRDA:75,3,1,20
BRDA:86,4,0,0
BRDA:86,4,1,1
BRDA:90,5,0,20
BRDA:90,5,1,20
BRDA:90,5,2,20
BRDA:90,5,3,20
BRDA:116,6,0,0
BRDA:116,6,1,18
BRF:16
BRH:14
end_of_record
TN:
SF:src\context\StatusContext.tsx
FN:21,(anonymous_0)
FN:22,(anonymous_1)
FN:27,(anonymous_2)
FN:32,(anonymous_3)
FN:42,(anonymous_4)
FN:43,(anonymous_5)
FN:47,(anonymous_6)
FN:48,(anonymous_7)
FN:54,(anonymous_8)
FN:60,(anonymous_9)
FN:81,(anonymous_10)
FNF:11
FNH:11
FNDA:9,(anonymous_0)
FNDA:5,(anonymous_1)
FNDA:4,(anonymous_2)
FNDA:1,(anonymous_3)
FNDA:1,(anonymous_4)
FNDA:4,(anonymous_5)
FNDA:1,(anonymous_6)
FNDA:4,(anonymous_7)
FNDA:1,(anonymous_8)
FNDA:4,(anonymous_9)
FNDA:9,(anonymous_10)
DA:12,2
DA:14,2
DA:21,2
DA:22,9
DA:23,5
DA:24,5
DA:27,9
DA:28,4
DA:29,4
DA:32,9
DA:33,1
DA:39,1
DA:42,9
DA:43,4
DA:44,1
DA:47,9
DA:48,1
DA:49,4
DA:51,1
DA:54,9
DA:55,1
DA:56,1
DA:57,1
DA:60,4
DA:65,1
DA:68,9
DA:81,2
DA:82,9
DA:83,9
DA:84,0
DA:86,9
LF:31
LH:30
BRDA:24,0,0,0
BRDA:24,0,1,5
BRDA:49,1,0,1
BRDA:49,1,1,3
BRDA:83,2,0,0
BRDA:83,2,1,9
BRF:6
BRH:4
end_of_record
TN:
SF:src\context\ToastContext.tsx
FN:20,(anonymous_0)
FN:32,(anonymous_1)
FN:35,(anonymous_2)
FN:39,(anonymous_3)
FN:42,(anonymous_4)
FN:43,(anonymous_5)
FN:43,(anonymous_6)
FN:50,(anonymous_7)
FNF:8
FNH:8
FNDA:7,(anonymous_0)
FNDA:7,(anonymous_1)
FNDA:3,(anonymous_2)
FNDA:3,(anonymous_3)
FNDA:1,(anonymous_4)
FNDA:1,(anonymous_5)
FNDA:1,(anonymous_6)
FNDA:3,(anonymous_7)
DA:18,1
DA:20,1
DA:21,7
DA:22,7
DA:23,0
DA:25,7
DA:32,1
DA:33,7
DA:35,7
DA:36,3
DA:37,3
DA:39,3
DA:42,7
DA:43,1
DA:46,7
DA:51,3
LF:16
LH:15
BRDA:22,0,0,0
BRDA:22,0,1,7
BRF:2
BRH:1
end_of_record
TN:
SF:src\context\UsersContext.tsx
FN:58,(anonymous_0)
FN:59,(anonymous_1)
FN:64,(anonymous_2)
FN:69,(anonymous_3)
FN:77,(anonymous_4)
FN:78,(anonymous_5)
FN:84,(anonymous_6)
FN:85,(anonymous_7)
FN:89,(anonymous_8)
FN:90,(anonymous_9)
FN:106,(anonymous_10)
FNF:11
FNH:11
FNDA:9,(anonymous_0)
FNDA:6,(anonymous_1)
FNDA:3,(anonymous_2)
FNDA:1,(anonymous_3)
FNDA:1,(anonymous_4)
FNDA:5,(anonymous_5)
FNDA:1,(anonymous_6)
FNDA:5,(anonymous_7)
FNDA:2,(anonymous_8)
FNDA:7,(anonymous_9)
FNDA:9,(anonymous_10)
DA:12,2
DA:15,2
DA:58,2
DA:59,9
DA:60,6
DA:61,6
DA:64,9
DA:65,3
DA:66,3
DA:69,9
DA:70,1
DA:74,1
DA:77,9
DA:78,1
DA:79,5
DA:81,1
DA:84,9
DA:85,5
DA:86,1
DA:89,9
DA:90,7
DA:93,9
DA:106,2
DA:107,9
DA:108,9
DA:109,0
DA:111,9
LF:27
LH:26
BRDA:61,0,0,1
BRDA:61,0,1,5
BRDA:79,1,0,1
BRDA:79,1,1,4
BRDA:108,2,0,0
BRDA:108,2,1,9
BRF:6
BRH:5
end_of_record
TN:
SF:src\data\mockData.ts
FN:78,(anonymous_0)
FN:104,(anonymous_1)
FN:130,(anonymous_2)
FN:156,(anonymous_3)
FNF:4
FNH:4
FNDA:10,(anonymous_0)
FNDA:10,(anonymous_1)
FNDA:10,(anonymous_2)
FNDA:10,(anonymous_3)
DA:4,2
DA:28,2
DA:66,2
DA:78,10
DA:104,10
DA:130,10
DA:156,10
LF:7
LH:7
BRF:0
BRH:0
end_of_record
TN:
SF:src\lib\utils.ts
FN:4,cn
FNF:1
FNH:1
FNDA:169,cn
DA:5,169
LF:1
LH:1
BRF:0
BRH:0
end_of_record
TN:
SF:src\pages\Dashboard.tsx
FN:10,(anonymous_0)
FN:14,(anonymous_1)
FN:21,(anonymous_2)
FN:23,(anonymous_3)
FN:26,(anonymous_4)
FN:33,(anonymous_5)
FN:41,(anonymous_6)
FN:44,(anonymous_7)
FN:48,(anonymous_8)
FN:54,(anonymous_9)
FN:57,(anonymous_10)
FN:61,(anonymous_11)
FN:63,(anonymous_12)
FN:67,(anonymous_13)
FN:69,(anonymous_14)
FN:115,(anonymous_15)
FN:128,AnimatedStatusBars
FN:138,(anonymous_17)
FN:139,(anonymous_18)
FN:140,(anonymous_19)
FN:145,(anonymous_20)
FN:174,RecentClaimCard
FN:177,(anonymous_22)
FN:179,(anonymous_23)
FN:183,(anonymous_24)
FN:186,(anonymous_25)
FN:234,InfoTip
FNF:27
FNH:25
FNDA:6,(anonymous_0)
FNDA:6,(anonymous_1)
FNDA:12,(anonymous_2)
FNDA:12,(anonymous_3)
FNDA:12,(anonymous_4)
FNDA:12,(anonymous_5)
FNDA:6,(anonymous_6)
FNDA:12,(anonymous_7)
FNDA:12,(anonymous_8)
FNDA:12,(anonymous_9)
FNDA:18,(anonymous_10)
FNDA:6,(anonymous_11)
FNDA:6,(anonymous_12)
FNDA:12,(anonymous_13)
FNDA:12,(anonymous_14)
FNDA:12,(anonymous_15)
FNDA:6,AnimatedStatusBars
FNDA:6,(anonymous_17)
FNDA:0,(anonymous_18)
FNDA:6,(anonymous_19)
FNDA:12,(anonymous_20)
FNDA:12,RecentClaimCard
FNDA:12,(anonymous_22)
FNDA:0,(anonymous_23)
FNDA:12,(anonymous_24)
FNDA:12,(anonymous_25)
FNDA:12,InfoTip
DA:10,1
DA:11,6
DA:12,6
DA:14,6
DA:15,6
DA:16,6
DA:18,6
DA:19,6
DA:21,12
DA:22,6
DA:23,12
DA:26,6
DA:27,12
DA:28,12
DA:29,12
DA:32,6
DA:34,12
DA:38,6
DA:41,6
DA:42,6
DA:44,6
DA:45,12
DA:48,6
DA:49,12
DA:50,12
DA:54,12
DA:57,18
DA:61,6
DA:62,6
DA:63,6
DA:67,12
DA:69,6
DA:70,12
DA:81,12
DA:84,6
DA:116,12
DA:137,6
DA:138,6
DA:139,6
DA:140,6
DA:143,6
DA:146,12
DA:147,12
DA:175,12
DA:177,12
DA:179,12
DA:180,0
DA:183,12
DA:186,12
DA:187,12
DA:188,12
DA:189,12
DA:190,12
DA:191,12
DA:193,12
DA:194,0
DA:195,0
DA:196,0
DA:197,0
DA:199,0
DA:205,12
DA:235,12
LF:62
LH:56
BRDA:22,0,0,6
BRDA:22,0,1,0
BRDA:32,1,0,6
BRDA:32,1,1,0
BRDA:34,2,0,12
BRDA:34,2,1,6
BRDA:49,3,0,12
BRDA:49,3,1,0
BRDA:57,4,0,12
BRDA:57,4,1,0
BRDA:81,5,0,12
BRDA:81,5,1,0
BRDA:150,6,0,0
BRDA:150,6,1,12
BRDA:162,7,0,0
BRDA:162,7,1,12
BRDA:193,8,0,12
BRDA:193,8,1,0
BRDA:194,9,0,0
BRDA:194,9,1,0
BRDA:194,10,0,0
BRDA:194,10,1,0
BRDA:195,11,0,0
BRDA:195,11,1,0
BRDA:195,12,0,0
BRDA:195,12,1,0
BRDA:196,13,0,0
BRDA:196,13,1,0
BRDA:197,14,0,0
BRDA:197,14,1,0
BRDA:208,15,0,0
BRDA:208,15,1,12
BRF:32
BRH:11
end_of_record
TN:
SF:src\pages\KanbanBoard.tsx
FN:16,(anonymous_0)
FN:26,(anonymous_1)
FN:30,(anonymous_2)
FN:36,(anonymous_3)
FN:39,(anonymous_4)
FN:43,(anonymous_5)
FN:52,(anonymous_6)
FN:56,(anonymous_7)
FN:67,(anonymous_8)
FN:86,(anonymous_9)
FN:101,(anonymous_10)
FN:117,(anonymous_11)
FN:126,(anonymous_12)
FN:128,(anonymous_13)
FN:129,(anonymous_14)
FN:131,(anonymous_15)
FN:135,(anonymous_16)
FN:137,(anonymous_17)
FN:138,(anonymous_18)
FN:145,(anonymous_19)
FN:151,(anonymous_20)
FN:176,(anonymous_21)
FN:185,(anonymous_22)
FN:212,(anonymous_23)
FN:218,(anonymous_24)
FN:224,(anonymous_25)
FN:242,(anonymous_26)
FN:248,(anonymous_27)
FN:250,(anonymous_28)
FN:269,(anonymous_29)
FN:275,(anonymous_30)
FN:289,(anonymous_31)
FN:298,(anonymous_32)
FN:317,(anonymous_33)
FNF:34
FNH:16
FNDA:6,(anonymous_0)
FNDA:6,(anonymous_1)
FNDA:0,(anonymous_2)
FNDA:6,(anonymous_3)
FNDA:12,(anonymous_4)
FNDA:11,(anonymous_5)
FNDA:0,(anonymous_6)
FNDA:0,(anonymous_7)
FNDA:0,(anonymous_8)
FNDA:12,(anonymous_9)
FNDA:0,(anonymous_10)
FNDA:0,(anonymous_11)
FNDA:12,(anonymous_12)
FNDA:0,(anonymous_13)
FNDA:0,(anonymous_14)
FNDA:0,(anonymous_15)
FNDA:0,(anonymous_16)
FNDA:5,(anonymous_17)
FNDA:0,(anonymous_18)
FNDA:0,(anonymous_19)
FNDA:5,(anonymous_20)
FNDA:1,(anonymous_21)
FNDA:0,(anonymous_22)
FNDA:0,(anonymous_23)
FNDA:0,(anonymous_24)
FNDA:0,(anonymous_25)
FNDA:6,(anonymous_26)
FNDA:12,(anonymous_27)
FNDA:12,(anonymous_28)
FNDA:12,(anonymous_29)
FNDA:11,(anonymous_30)
FNDA:11,(anonymous_31)
FNDA:0,(anonymous_32)
FNDA:0,(anonymous_33)
DA:16,1
DA:17,6
DA:18,6
DA:19,6
DA:20,6
DA:21,6
DA:22,6
DA:23,6
DA:24,6
DA:26,6
DA:27,6
DA:29,6
DA:30,0
DA:33,6
DA:36,6
DA:37,6
DA:39,6
DA:40,12
DA:43,6
DA:44,11
DA:45,11
DA:49,6
DA:52,6
DA:53,0
DA:56,6
DA:57,0
DA:58,0
DA:63,0
DA:67,6
DA:68,0
DA:70,0
DA:71,0
DA:73,0
DA:76,0
DA:77,0
DA:78,0
DA:82,0
DA:83,0
DA:86,6
DA:87,12
DA:98,12
DA:101,6
DA:102,0
DA:113,0
DA:117,6
DA:118,0
DA:126,12
DA:128,6
DA:129,0
DA:130,0
DA:131,0
DA:132,0
DA:135,6
DA:137,6
DA:138,5
DA:139,0
DA:140,0
DA:141,0
DA:145,5
DA:146,0
DA:149,5
DA:150,5
DA:151,5
DA:152,5
DA:153,5
DA:157,6
DA:176,1
DA:185,0
DA:212,0
DA:219,0
DA:220,0
DA:224,0
DA:243,6
DA:249,12
DA:251,12
DA:270,12
DA:276,11
DA:281,11
DA:290,11
DA:298,0
DA:317,0
LF:81
LH:49
BRDA:27,0,0,1
BRDA:27,0,1,5
BRDA:29,1,0,0
BRDA:29,1,1,6
BRDA:44,2,0,11
BRDA:44,2,1,0
BRDA:57,3,0,0
BRDA:57,3,1,0
BRDA:73,4,0,0
BRDA:73,4,1,0
BRDA:76,5,0,0
BRDA:76,5,1,0
BRDA:98,6,0,12
BRDA:98,6,1,0
BRDA:113,7,0,0
BRDA:113,7,1,0
BRDA:131,8,0,0
BRDA:131,8,1,0
BRDA:139,9,0,0
BRDA:139,9,1,0
BRDA:140,10,0,0
BRDA:140,10,1,0
BRDA:140,11,0,0
BRDA:140,11,1,0
BRDA:146,12,0,0
BRDA:146,12,1,0
BRDA:188,13,0,6
BRDA:188,13,1,0
BRDA:194,14,0,6
BRDA:194,14,1,0
BRDA:196,15,0,0
BRDA:196,15,1,0
BRDA:203,16,0,6
BRDA:203,16,1,0
BRDA:216,17,0,0
BRDA:216,17,1,0
BRDA:228,18,0,0
BRDA:228,18,1,0
BRDA:254,19,0,0
BRDA:254,19,1,12
BRDA:263,20,0,12
BRDA:263,20,1,1
BRDA:273,21,0,0
BRDA:273,21,1,12
BRDA:275,22,0,12
BRDA:275,22,1,0
BRDA:276,23,0,11
BRDA:276,23,1,0
BRDA:276,23,2,0
BRDA:276,23,3,0
BRDA:283,24,0,11
BRDA:283,24,1,0
BRDA:294,25,0,0
BRDA:294,25,1,11
BRDA:308,26,0,12
BRDA:308,26,1,0
BRDA:308,26,2,0
BRDA:308,26,3,0
BRDA:308,26,4,0
BRDA:310,27,0,0
BRDA:310,27,1,0
BRDA:317,28,0,0
BRDA:317,28,1,0
BRF:63
BRH:17
end_of_record
TN:
SF:src\pages\KanbanPage.tsx
FN:11,(anonymous_0)
FN:20,(anonymous_1)
FN:24,(anonymous_2)
FN:25,(anonymous_3)
FN:29,(anonymous_4)
FN:34,(anonymous_5)
FN:38,(anonymous_6)
FN:42,(anonymous_7)
FN:46,(anonymous_8)
FN:77,(anonymous_9)
FN:121,(anonymous_10)
FN:125,(anonymous_11)
FNF:12
FNH:7
FNDA:11,(anonymous_0)
FNDA:1,(anonymous_1)
FNDA:1,(anonymous_2)
FNDA:0,(anonymous_3)
FNDA:0,(anonymous_4)
FNDA:2,(anonymous_5)
FNDA:1,(anonymous_6)
FNDA:0,(anonymous_7)
FNDA:1,(anonymous_8)
FNDA:1,(anonymous_9)
FNDA:0,(anonymous_10)
FNDA:0,(anonymous_11)
DA:11,1
DA:12,11
DA:13,10
DA:14,10
DA:15,10
DA:16,10
DA:17,10
DA:18,10
DA:20,10
DA:21,1
DA:22,1
DA:24,10
DA:25,10
DA:26,0
DA:27,0
DA:29,10
DA:30,0
DA:31,0
DA:34,10
DA:35,2
DA:38,10
DA:39,1
DA:42,10
DA:43,0
DA:46,10
DA:47,1
DA:48,1
DA:49,1
DA:54,1
DA:55,1
DA:60,10
DA:70,10
DA:77,1
DA:87,10
DA:121,0
DA:125,0
LF:36
LH:29
BRDA:47,0,0,1
BRDA:47,0,1,0
BRDA:70,1,0,3
BRDA:70,1,1,7
BRDA:105,2,0,10
BRDA:105,2,1,10
BRDA:115,3,0,10
BRDA:115,3,1,3
BRF:8
BRH:7
end_of_record
TN:
SF:src\pages\Login.tsx
FN:10,(anonymous_0)
FN:19,(anonymous_1)
FN:63,(anonymous_2)
FN:86,(anonymous_3)
FN:94,(anonymous_4)
FNF:5
FNH:5
FNDA:14,(anonymous_0)
FNDA:2,(anonymous_1)
FNDA:2,(anonymous_2)
FNDA:2,(anonymous_3)
FNDA:2,(anonymous_4)
DA:10,1
DA:11,14
DA:12,14
DA:13,14
DA:14,14
DA:15,14
DA:16,14
DA:17,14
DA:19,14
DA:20,2
DA:21,2
DA:22,2
DA:24,2
DA:26,2
DA:27,1
DA:29,1
DA:32,2
DA:35,14
DA:63,2
DA:86,2
DA:94,2
LF:21
LH:21
BRDA:26,0,0,1
BRDA:26,0,1,1
BRDA:29,1,0,1
BRDA:29,1,1,0
BRDA:84,2,0,1
BRDA:84,2,1,13
BRDA:95,3,0,1
BRDA:95,3,1,13
BRDA:98,4,0,1
BRDA:98,4,1,13
BRDA:103,5,0,14
BRDA:103,5,1,1
BRDA:115,6,0,2
BRDA:115,6,1,12
BRF:14
BRH:13
end_of_record
TN:
SF:src\pages\PasswordRecovery.tsx
FN:7,(anonymous_0)
FN:14,(anonymous_1)
FN:59,(anonymous_2)
FNF:3
FNH:3
FNDA:12,(anonymous_0)
FNDA:3,(anonymous_1)
FNDA:3,(anonymous_2)
DA:7,1
DA:8,12
DA:9,12
DA:10,12
DA:11,12
DA:12,12
DA:14,12
DA:15,3
DA:16,3
DA:17,3
DA:19,3
DA:21,2
DA:22,2
DA:23,2
DA:25,2
DA:26,1
DA:30,12
DA:59,3
LF:18
LH:18
BRDA:25,0,0,1
BRDA:25,0,1,1
BRDA:44,1,0,11
BRDA:44,1,1,1
BRDA:67,2,0,11
BRDA:67,2,1,1
BRDA:67,2,2,1
BRDA:79,3,0,3
BRDA:79,3,1,8
BRF:9
BRH:9
end_of_record
TN:
SF:src\pages\Profile.tsx
FN:9,(anonymous_0)
FN:21,(anonymous_1)
FN:23,(anonymous_2)
FN:29,(anonymous_3)
FN:48,(anonymous_4)
FN:59,(anonymous_5)
FN:60,(anonymous_6)
FN:104,(anonymous_7)
FNF:8
FNH:8
FNDA:14,(anonymous_0)
FNDA:3,(anonymous_1)
FNDA:3,(anonymous_2)
FNDA:2,(anonymous_3)
FNDA:1,(anonymous_4)
FNDA:14,(anonymous_5)
FNDA:28,(anonymous_6)
FNDA:4,(anonymous_7)
DA:9,1
DA:10,14
DA:11,14
DA:12,14
DA:13,14
DA:21,14
DA:22,3
DA:23,3
DA:29,14
DA:30,2
DA:31,1
DA:36,1
DA:39,1
DA:40,1
DA:45,1
DA:48,14
DA:49,1
DA:56,1
DA:59,14
DA:60,28
DA:63,14
DA:104,4
LF:22
LH:22
BRDA:14,0,0,14
BRDA:14,0,1,0
BRDA:15,1,0,14
BRDA:15,1,1,0
BRDA:16,2,0,14
BRDA:16,2,1,0
BRDA:17,3,0,14
BRDA:17,3,1,0
BRDA:18,4,0,14
BRDA:18,4,1,0
BRDA:30,5,0,1
BRDA:30,5,1,1
BRDA:50,6,0,1
BRDA:50,6,1,0
BRDA:51,7,0,1
BRDA:51,7,1,0
BRDA:52,8,0,1
BRDA:52,8,1,0
BRDA:53,9,0,1
BRDA:53,9,1,0
BRDA:54,10,0,1
BRDA:54,10,1,0
BRDA:82,11,0,14
BRDA:82,11,1,14
BRDA:95,12,0,14
BRDA:95,12,1,0
BRDA:103,13,0,14
BRDA:103,13,1,7
BRDA:166,14,0,7
BRDA:166,14,1,7
BRDA:193,15,0,7
BRDA:193,15,1,7
BRDA:204,16,0,7
BRDA:204,16,1,0
BRDA:222,17,0,14
BRDA:222,17,1,0
BRDA:230,18,0,14
BRDA:230,18,1,0
BRDA:238,19,0,14
BRDA:238,19,1,7
BRF:40
BRH:26
end_of_record
TN:
SF:src\pages\Settings.tsx
FN:10,(anonymous_0)
FN:34,(anonymous_1)
FN:42,(anonymous_2)
FN:48,(anonymous_3)
FN:54,(anonymous_4)
FN:59,(anonymous_5)
FN:73,(anonymous_6)
FN:78,(anonymous_7)
FN:79,(anonymous_8)
FN:104,(anonymous_9)
FN:114,(anonymous_10)
FN:130,(anonymous_11)
FN:137,(anonymous_12)
FN:161,(anonymous_13)
FN:166,(anonymous_14)
FN:173,(anonymous_15)
FN:176,(anonymous_16)
FN:190,(anonymous_17)
FN:203,(anonymous_18)
FN:207,(anonymous_19)
FN:215,(anonymous_20)
FN:218,(anonymous_21)
FN:232,(anonymous_22)
FNF:23
FNH:16
FNDA:17,(anonymous_0)
FNDA:1,(anonymous_1)
FNDA:1,(anonymous_2)
FNDA:1,(anonymous_3)
FNDA:1,(anonymous_4)
FNDA:0,(anonymous_5)
FNDA:1,(anonymous_6)
FNDA:34,(anonymous_7)
FNDA:85,(anonymous_8)
FNDA:3,(anonymous_9)
FNDA:34,(anonymous_10)
FNDA:1,(anonymous_11)
FNDA:1,(anonymous_12)
FNDA:0,(anonymous_13)
FNDA:2,(anonymous_14)
FNDA:153,(anonymous_15)
FNDA:0,(anonymous_16)
FNDA:0,(anonymous_17)
FNDA:0,(anonymous_18)
FNDA:1,(anonymous_19)
FNDA:153,(anonymous_20)
FNDA:0,(anonymous_21)
FNDA:0,(anonymous_22)
DA:10,1
DA:11,17
DA:12,17
DA:13,17
DA:14,17
DA:15,17
DA:16,17
DA:17,17
DA:18,17
DA:19,17
DA:20,17
DA:22,17
DA:34,17
DA:35,1
DA:36,1
DA:37,1
DA:38,1
DA:39,1
DA:42,17
DA:43,1
DA:44,1
DA:45,1
DA:48,17
DA:49,1
DA:50,1
DA:51,1
DA:54,17
DA:55,1
DA:56,1
DA:59,17
DA:60,0
DA:61,0
DA:62,0
DA:68,0
DA:69,0
DA:73,17
DA:74,1
DA:75,1
DA:78,17
DA:79,85
DA:80,34
DA:83,17
DA:104,3
DA:115,34
DA:116,34
DA:130,1
DA:137,1
DA:161,0
DA:166,2
DA:174,153
DA:176,0
DA:190,0
DA:203,0
DA:207,1
DA:216,153
DA:218,0
DA:232,0
LF:57
LH:46
BRDA:35,0,0,0
BRDA:35,0,1,1
BRDA:49,1,0,0
BRDA:49,1,1,1
BRDA:49,2,0,1
BRDA:49,2,1,1
BRDA:60,3,0,0
BRDA:60,3,1,0
BRDA:80,4,0,34
BRDA:80,4,1,0
BRDA:103,5,0,17
BRDA:103,5,1,12
BRDA:151,6,0,17
BRDA:151,6,1,0
BRDA:168,7,0,16
BRDA:168,7,1,1
BRDA:178,8,0,17
BRDA:178,8,1,136
BRDA:210,9,0,14
BRDA:210,9,1,3
BRDA:220,10,0,3
BRDA:220,10,1,150
BRF:22
BRH:16
end_of_record
TN:
SF:src\types\claim.ts
FNF:0
FNH:0
LF:0
LH:0
BRF:0
BRH:0
end_of_record
